This is pdfTeX, Version 3.1415926-2.5-1.40.14 (TeX Live 2013/Debian) (format=pdflatex 2015.10.3)  3 MAY 2019 12:43
entering extended mode
 restricted \write18 enabled.
 %&-line parsing enabled.
**proposal.tex
(./proposal.tex
LaTeX2e <2011/06/27>
Babel <3.9h> and hyphenation patterns for 2 languages loaded.
(/usr/share/texlive/texmf-dist/tex/latex/base/article.cls
Document Class: article 2007/10/19 v1.4h Standard LaTeX document class
(/usr/share/texlive/texmf-dist/tex/latex/base/size12.clo
File: size12.clo 2007/10/19 v1.4h Standard LaTeX file (size option)
)
\c@part=\count79
\c@section=\count80
\c@subsection=\count81
\c@subsubsection=\count82
\c@paragraph=\count83
\c@subparagraph=\count84
\c@figure=\count85
\c@table=\count86
\abovecaptionskip=\skip41
\belowcaptionskip=\skip42
\bibindent=\dimen102
)
(/usr/share/texlive/texmf-dist/tex/latex/psnfss/times.sty
Package: times 2005/04/12 PSNFSS-v9.2a (SPQR) 
)
(/usr/share/texlive/texmf-dist/tex/latex/changes/changes.sty
Package: changes 2013/08/13 v2.0.2 changes-Paket

*** changes-Paket 2013/08/13 v2.0.2 ***
(/usr/share/texlive/texmf-dist/tex/latex/xkeyval/xkeyval.sty
Package: xkeyval 2012/10/14 v2.6b package option processing (HA)

(/usr/share/texlive/texmf-dist/tex/generic/xkeyval/xkeyval.tex
\XKV@toks=\toks14
\XKV@tempa@toks=\toks15
\XKV@depth=\count87
File: xkeyval.tex 2012/10/14 v2.6b key=value parser (HA)

(/usr/share/texlive/texmf-dist/tex/generic/xkeyval/keyval.tex)))
(/usr/share/texlive/texmf-dist/tex/latex/xifthen/xifthen.sty
Package: xifthen 2009/04/17 v1.3 Extended ifthen features

(/usr/share/texlive/texmf-dist/tex/latex/etex-pkg/etex.sty
Package: etex 1998/03/26 v2.0 eTeX basic definition package (PEB)
\et@xins=\count88
)
(/usr/share/texlive/texmf-dist/tex/latex/tools/calc.sty
Package: calc 2007/08/22 v4.3 Infix arithmetic (KKT,FJ)
\calc@Acount=\count89
\calc@Bcount=\count90
\calc@Adimen=\dimen103
\calc@Bdimen=\dimen104
\calc@Askip=\skip43
\calc@Bskip=\skip44
LaTeX Info: Redefining \setlength on input line 76.
LaTeX Info: Redefining \addtolength on input line 77.
\calc@Ccount=\count91
\calc@Cskip=\skip45
)
(/usr/share/texlive/texmf-dist/tex/latex/base/ifthen.sty
Package: ifthen 2001/05/26 v1.1c Standard LaTeX ifthen package (DPC)
)
(/usr/share/texlive/texmf-dist/tex/latex/ifmtarg/ifmtarg.sty
Package: ifmtarg 2009/09/02 v1.2a check for an empty argument
))
changes-option 'final'
(/usr/share/texmf/tex/latex/xcolor/xcolor.sty
Package: xcolor 2007/01/21 v2.11 LaTeX color extensions (UK)

(/usr/share/texlive/texmf-dist/tex/latex/latexconfig/color.cfg
File: color.cfg 2007/01/18 v1.5 color configuration of teTeX/TeXLive
)
Package xcolor Info: Driver file: pdftex.def on input line 225.

(/usr/share/texlive/texmf-dist/tex/latex/pdftex-def/pdftex.def
File: pdftex.def 2011/05/27 v0.06d Graphics/color for pdfTeX

(/usr/share/texlive/texmf-dist/tex/generic/oberdiek/infwarerr.sty
Package: infwarerr 2010/04/08 v1.3 Providing info/warning/error messages (HO)
)
(/usr/share/texlive/texmf-dist/tex/generic/oberdiek/ltxcmds.sty
Package: ltxcmds 2011/11/09 v1.22 LaTeX kernel commands for general use (HO)
)
\Gread@gobject=\count92
)
Package xcolor Info: Model `cmy' substituted by `cmy0' on input line 1337.
Package xcolor Info: Model `hsb' substituted by `rgb' on input line 1341.
Package xcolor Info: Model `RGB' extended on input line 1353.
Package xcolor Info: Model `HTML' substituted by `rgb' on input line 1355.
Package xcolor Info: Model `Hsb' substituted by `hsb' on input line 1356.
Package xcolor Info: Model `tHsb' substituted by `hsb' on input line 1357.
Package xcolor Info: Model `HSB' substituted by `hsb' on input line 1358.
Package xcolor Info: Model `Gray' substituted by `gray' on input line 1359.
Package xcolor Info: Model `wave' substituted by `hsb' on input line 1360.
)
(/usr/share/texlive/texmf-dist/tex/latex/oberdiek/pdfcolmk.sty
Package: pdfcolmk 2008/08/11 v1.2 Color support for pdfTeX via marks (HO)
Package pdfcolmk Info: The color stack of pdfTeX >= 1.40 is used. Therefore
(pdfcolmk)             this package is not necessary and not loaded.
)
(/usr/share/texlive/texmf-dist/tex/generic/ulem/ulem.sty
\UL@box=\box26
\UL@hyphenbox=\box27
\UL@skip=\skip46
\UL@hook=\toks16
\UL@height=\dimen105
\UL@pe=\count93
\UL@pixel=\dimen106
\ULC@box=\box28
Package: ulem 2012/05/18
\ULdepth=\dimen107
)
\c@Changes@AuthorCount=\count94
\c@Changes@Author=\count95
\c@Changes@AddCount=\count96
\c@Changes@DeleteCount=\count97
\c@Changes@ReplaceCount=\count98

(/usr/share/texlive/texmf-dist/tex/latex/truncate/truncate.sty
Package: truncate 2001/08/20  ver 3.6
\@Trunc@RestHyph=\toks17
)
\Changes@Len@summ=\skip47
)
(/usr/share/texlive/texmf-dist/tex/latex/amsfonts/amssymb.sty
Package: amssymb 2013/01/14 v3.01 AMS font symbols

(/usr/share/texlive/texmf-dist/tex/latex/amsfonts/amsfonts.sty
Package: amsfonts 2013/01/14 v3.01 Basic AMSFonts support
\@emptytoks=\toks18
\symAMSa=\mathgroup4
\symAMSb=\mathgroup5
LaTeX Font Info:    Overwriting math alphabet `\mathfrak' in version `bold'
(Font)                  U/euf/m/n --> U/euf/b/n on input line 106.
))
(/usr/share/texlive/texmf-dist/tex/latex/graphics/graphicx.sty
Package: graphicx 1999/02/16 v1.0f Enhanced LaTeX Graphics (DPC,SPQR)

(/usr/share/texlive/texmf-dist/tex/latex/graphics/graphics.sty
Package: graphics 2009/02/05 v1.0o Standard LaTeX Graphics (DPC,SPQR)

(/usr/share/texlive/texmf-dist/tex/latex/graphics/trig.sty
Package: trig 1999/03/16 v1.09 sin cos tan (DPC)
)
(/usr/share/texlive/texmf-dist/tex/latex/latexconfig/graphics.cfg
File: graphics.cfg 2010/04/23 v1.9 graphics configuration of TeX Live
)
Package graphics Info: Driver file: pdftex.def on input line 91.
)
\Gin@req@height=\dimen108
\Gin@req@width=\dimen109
)
(/usr/share/texlive/texmf-dist/tex/latex/amsmath/amsmath.sty
Package: amsmath 2013/01/14 v2.14 AMS math features
\@mathmargin=\skip48

For additional information on amsmath, use the `?' option.
(/usr/share/texlive/texmf-dist/tex/latex/amsmath/amstext.sty
Package: amstext 2000/06/29 v2.01

(/usr/share/texlive/texmf-dist/tex/latex/amsmath/amsgen.sty
File: amsgen.sty 1999/11/30 v2.0
\@emptytoks=\toks19
\ex@=\dimen110
))
(/usr/share/texlive/texmf-dist/tex/latex/amsmath/amsbsy.sty
Package: amsbsy 1999/11/29 v1.2d
\pmbraise@=\dimen111
)
(/usr/share/texlive/texmf-dist/tex/latex/amsmath/amsopn.sty
Package: amsopn 1999/12/14 v2.01 operator names
)
\inf@bad=\count99
LaTeX Info: Redefining \frac on input line 210.
\uproot@=\count100
\leftroot@=\count101
LaTeX Info: Redefining \overline on input line 306.
\classnum@=\count102
\DOTSCASE@=\count103
LaTeX Info: Redefining \ldots on input line 378.
LaTeX Info: Redefining \dots on input line 381.
LaTeX Info: Redefining \cdots on input line 466.
\Mathstrutbox@=\box29
\strutbox@=\box30
\big@size=\dimen112
LaTeX Font Info:    Redeclaring font encoding OML on input line 566.
LaTeX Font Info:    Redeclaring font encoding OMS on input line 567.
\macc@depth=\count104
\c@MaxMatrixCols=\count105
\dotsspace@=\muskip10
\c@parentequation=\count106
\dspbrk@lvl=\count107
\tag@help=\toks20
\row@=\count108
\column@=\count109
\maxfields@=\count110
\andhelp@=\toks21
\eqnshift@=\dimen113
\alignsep@=\dimen114
\tagshift@=\dimen115
\tagwidth@=\dimen116
\totwidth@=\dimen117
\lineht@=\dimen118
\@envbody=\toks22
\multlinegap=\skip49
\multlinetaggap=\skip50
\mathdisplay@stack=\toks23
LaTeX Info: Redefining \[ on input line 2665.
LaTeX Info: Redefining \] on input line 2666.
)
(/usr/share/texlive/texmf-dist/tex/latex/base/latexsym.sty
Package: latexsym 1998/08/17 v2.2e Standard LaTeX package (lasy symbols)
\symlasy=\mathgroup6
LaTeX Font Info:    Overwriting symbol font `lasy' in version `bold'
(Font)                  U/lasy/m/n --> U/lasy/b/n on input line 47.
)
(/usr/share/texlive/texmf-dist/tex/latex/float/float.sty
Package: float 2001/11/08 v1.3d Float enhancements (AL)
\c@float@type=\count111
\float@exts=\toks24
\float@box=\box31
\@float@everytoks=\toks25
\@floatcapt=\box32
)
(/usr/share/texlive/texmf-dist/tex/latex/graphics/epsfig.sty
Package: epsfig 1999/02/16 v1.7a (e)psfig emulation (SPQR)
\epsfxsize=\dimen119
\epsfysize=\dimen120
)
(/usr/share/texlive/texmf-dist/tex/latex/subfigure/subfigure.sty
Package: subfigure 2002/03/15 v2.1.5 subfigure package
\subfigtopskip=\skip51
\subfigcapskip=\skip52
\subfigcaptopadj=\dimen121
\subfigbottomskip=\skip53
\subfigcapmargin=\dimen122
\subfiglabelskip=\skip54
\c@subfigure=\count112
\c@lofdepth=\count113
\c@subtable=\count114
\c@lotdepth=\count115

****************************************
* Local config file subfigure.cfg used *
****************************************
(/usr/share/texlive/texmf-dist/tex/latex/subfigure/subfigure.cfg)
\subfig@top=\skip55
\subfig@bottom=\skip56
)
(/usr/share/texlive/texmf-dist/tex/latex/mh/mathtools.sty
Package: mathtools 2013/02/12 v1.13 mathematical typesetting tools

(/usr/share/texlive/texmf-dist/tex/latex/mh/mhsetup.sty
Package: mhsetup 2010/01/21 v1.2a programming setup (MH)
)
LaTeX Info: Thecontrolsequence`\['isalreadyrobust on input line 129.
LaTeX Info: Thecontrolsequence`\]'isalreadyrobust on input line 129.
\g_MT_multlinerow_int=\count116
\l_MT_multwidth_dim=\dimen123
\origjot=\skip57
\l_MT_shortvdotswithinadjustabove_dim=\dimen124
\l_MT_shortvdotswithinadjustbelow_dim=\dimen125
\l_MT_above_intertext_sep=\dimen126
\l_MT_below_intertext_sep=\dimen127
\l_MT_above_shortintertext_sep=\dimen128
\l_MT_below_shortintertext_sep=\dimen129
)
(/usr/share/texlive/texmf-dist/tex/latex/bbm-macros/bbm.sty
Package: bbm 1999/03/15 V 1.2 provides fonts for set symbols - TH
LaTeX Font Info:    Overwriting math alphabet `\mathbbm' in version `bold'
(Font)                  U/bbm/m/n --> U/bbm/bx/n on input line 33.
LaTeX Font Info:    Overwriting math alphabet `\mathbbmss' in version `bold'
(Font)                  U/bbmss/m/n --> U/bbmss/bx/n on input line 35.
)
(/usr/share/texlive/texmf-dist/tex/latex/lipsum/lipsum.sty
Package: lipsum 2011/04/14 v1.2 150 paragraphs of Lorem Ipsum dummy text
\c@lips@count=\count117
)
(/usr/share/texlive/texmf-dist/tex/latex/adjustbox/adjustbox.sty
Package: adjustbox 2012/05/21 v1.0 Adjusting TeX boxes (trim, clip, ...)

(/usr/share/texlive/texmf-dist/tex/latex/adjustbox/adjcalc.sty
Package: adjcalc 2012/05/16 v1.1 Provides advanced setlength with multiple back
-ends (calc, etex, pgfmath)
)
(/usr/share/texlive/texmf-dist/tex/latex/adjustbox/trimclip.sty
Package: trimclip 2012/05/16 v1.0 Trim and clip general TeX material

(/usr/share/texlive/texmf-dist/tex/latex/collectbox/collectbox.sty
Package: collectbox 2012/05/17 v0.4b Collect macro arguments as boxes
\collectedbox=\box33
)
\tc@llx=\dimen130
\tc@lly=\dimen131
\tc@urx=\dimen132
\tc@ury=\dimen133
Package trimclip Info: Using driver 'tc-pdftex.def'.

(/usr/share/texlive/texmf-dist/tex/latex/adjustbox/tc-pdftex.def
File: tc-pdftex.def 2012/05/13 v1.0 Clipping driver for pdftex
))
\adjbox@Width=\dimen134
\adjbox@Height=\dimen135
\adjbox@Depth=\dimen136
\adjbox@Totalheight=\dimen137

(/usr/share/texlive/texmf-dist/tex/latex/ifoddpage/ifoddpage.sty
Package: ifoddpage 2011/09/13 v1.0 Conditionals for odd/even page detection
\c@checkoddpage=\count118
)
(/usr/share/texlive/texmf-dist/tex/latex/varwidth/varwidth.sty
Package: varwidth 2009/03/30 ver 0.92;  Variable-width minipages
\@vwid@box=\box34
\sift@deathcycles=\count119
\@vwid@loff=\dimen138
\@vwid@roff=\dimen139
))
(/usr/share/texlive/texmf-dist/tex/latex/wrapfig/wrapfig.sty
\wrapoverhang=\dimen140
\WF@size=\dimen141
\c@WF@wrappedlines=\count120
\WF@box=\box35
\WF@everypar=\toks26
Package: wrapfig 2003/01/31  v 3.6
)
(/usr/share/texlive/texmf-dist/tex/latex/multirow/multirow.sty
\bigstrutjot=\dimen142
)
(/usr/share/texlive/texmf-dist/tex/latex/preprint/balance.sty
Package: balance 1999/02/23 4.3 (PWD)
\oldvsize=\dimen143
)
(/usr/share/texlive/texmf-dist/tex/latex/url/url.sty
\Urlmuskip=\muskip11
Package: url 2013/09/16  ver 3.4  Verb mode for urls, etc.
)
(/usr/share/texlive/texmf-dist/tex/latex/microtype/microtype.sty
Package: microtype 2013/05/23 v2.5a Micro-typographical refinements (RS)
\MT@toks=\toks27
\MT@count=\count121
LaTeX Info: Redefining \textls on input line 766.
\MT@outer@kern=\dimen144
LaTeX Info: Redefining \textmicrotypecontext on input line 1285.
\MT@listname@count=\count122

(/usr/share/texlive/texmf-dist/tex/latex/microtype/microtype-pdftex.def
File: microtype-pdftex.def 2013/05/23 v2.5a Definitions specific to pdftex (RS)

LaTeX Info: Redefining \lsstyle on input line 915.
LaTeX Info: Redefining \lslig on input line 915.
\MT@outer@space=\skip58
)
Package microtype Info: Loading configuration file microtype.cfg.

(/usr/share/texlive/texmf-dist/tex/latex/microtype/microtype.cfg
File: microtype.cfg 2013/05/23 v2.5a microtype main configuration file (RS)
))
(/usr/share/texlive/texmf-dist/tex/latex/tools/array.sty
Package: array 2008/09/09 v2.4c Tabular extension package (FMi)
\col@sep=\dimen145
\extrarowheight=\dimen146
\NC@list=\toks28
\extratabsurround=\skip59
\backup@length=\skip60
)
(/usr/share/texlive/texmf-dist/tex/latex/algorithms/algorithm.sty
Package: algorithm 2009/08/24 v0.1 Document Style `algorithm' - floating enviro
nment
\@float@every@algorithm=\toks29
\c@algorithm=\count123
)
(/usr/share/texlive/texmf-dist/tex/latex/algorithms/algorithmic.sty
Package: algorithmic 2009/08/24 v0.1 Document Style `algorithmic'
\c@ALC@unique=\count124
\c@ALC@line=\count125
\c@ALC@rem=\count126
\c@ALC@depth=\count127
\ALC@tlm=\skip61
\algorithmicindent=\skip62
)
(/usr/share/texlive/texmf-dist/tex/latex/mh/breqn.sty
(/usr/share/texlive/texmf-dist/tex/latex/l3kernel/expl3.sty
(/usr/share/texlive/texmf-dist/tex/latex/l3kernel/l3names.sty
(/usr/share/texlive/texmf-dist/tex/latex/l3kernel/l3bootstrap.sty
Package: l3bootstrap 2014/01/04 v4640 L3 Experimental bootstrap code
)
Package: l3names 2014/01/04 v4640 L3 Namespace for primitives
)
Package: expl3 2014/01/07 v4646 L3 Experimental code bundle wrapper

(/usr/share/texlive/texmf-dist/tex/latex/l3kernel/l3basics.sty
Package: l3basics 2014/01/04 v4642 L3 Basic definitions
)
(/usr/share/texlive/texmf-dist/tex/latex/l3kernel/l3expan.sty
Package: l3expan 2014/01/04 v4642 L3 Argument expansion
)
(/usr/share/texlive/texmf-dist/tex/latex/l3kernel/l3tl.sty
Package: l3tl 2013/12/27 v4625 L3 Token lists
)
(/usr/share/texlive/texmf-dist/tex/latex/l3kernel/l3seq.sty
Package: l3seq 2013/12/14 v4623 L3 Sequences and stacks
)
(/usr/share/texlive/texmf-dist/tex/latex/l3kernel/l3int.sty
Package: l3int 2013/08/02 v4583 L3 Integers
\c_max_int=\count128
\l_tmpa_int=\count129
\l_tmpb_int=\count130
\g_tmpa_int=\count131
\g_tmpb_int=\count132
)
(/usr/share/texlive/texmf-dist/tex/latex/l3kernel/l3quark.sty
Package: l3quark 2013/12/14 v4623 L3 Quarks
)
(/usr/share/texlive/texmf-dist/tex/latex/l3kernel/l3prg.sty
Package: l3prg 2014/01/04 v4642 L3 Control structures
\g__prg_map_int=\count133
)
(/usr/share/texlive/texmf-dist/tex/latex/l3kernel/l3clist.sty
Package: l3clist 2013/07/28 v4581 L3 Comma separated lists
)
(/usr/share/texlive/texmf-dist/tex/latex/l3kernel/l3token.sty
Package: l3token 2013/08/25 v4587 L3 Experimental token manipulation
)
(/usr/share/texlive/texmf-dist/tex/latex/l3kernel/l3prop.sty
Package: l3prop 2013/12/14 v4623 L3 Property lists
)
(/usr/share/texlive/texmf-dist/tex/latex/l3kernel/l3msg.sty
Package: l3msg 2013/07/28 v4581 L3 Messages
)
(/usr/share/texlive/texmf-dist/tex/latex/l3kernel/l3file.sty
Package: l3file 2013/10/13 v4596 L3 File and I/O operations
\l_iow_line_count_int=\count134
\l__iow_target_count_int=\count135
\l__iow_current_line_int=\count136
\l__iow_current_word_int=\count137
\l__iow_current_indentation_int=\count138
)
(/usr/share/texlive/texmf-dist/tex/latex/l3kernel/l3skip.sty
Package: l3skip 2013/07/28 v4581 L3 Dimensions and skips
\c_zero_dim=\dimen147
\c_max_dim=\dimen148
\l_tmpa_dim=\dimen149
\l_tmpb_dim=\dimen150
\g_tmpa_dim=\dimen151
\g_tmpb_dim=\dimen152
\c_zero_skip=\skip63
\c_max_skip=\skip64
\l_tmpa_skip=\skip65
\l_tmpb_skip=\skip66
\g_tmpa_skip=\skip67
\g_tmpb_skip=\skip68
\c_zero_muskip=\muskip12
\c_max_muskip=\muskip13
\l_tmpa_muskip=\muskip14
\l_tmpb_muskip=\muskip15
\g_tmpa_muskip=\muskip16
\g_tmpb_muskip=\muskip17
)
(/usr/share/texlive/texmf-dist/tex/latex/l3kernel/l3keys.sty
Package: l3keys 2013/12/08 v4614 L3 Experimental key-value interfaces
\g__keyval_level_int=\count139
\l_keys_choice_int=\count140
)
(/usr/share/texlive/texmf-dist/tex/latex/l3kernel/l3fp.sty
Package: l3fp 2014/01/04 v4642 L3 Floating points
\c__fp_leading_shift_int=\count141
\c__fp_middle_shift_int=\count142
\c__fp_trailing_shift_int=\count143
\c__fp_big_leading_shift_int=\count144
\c__fp_big_middle_shift_int=\count145
\c__fp_big_trailing_shift_int=\count146
\c__fp_Bigg_leading_shift_int=\count147
\c__fp_Bigg_middle_shift_int=\count148
\c__fp_Bigg_trailing_shift_int=\count149
)
(/usr/share/texlive/texmf-dist/tex/latex/l3kernel/l3box.sty
Package: l3box 2013/07/28 v4581 L3 Experimental boxes
\c_empty_box=\box36
\l_tmpa_box=\box37
\l_tmpb_box=\box38
\g_tmpa_box=\box39
\g_tmpb_box=\box40
)
(/usr/share/texlive/texmf-dist/tex/latex/l3kernel/l3coffins.sty
Package: l3coffins 2013/12/14 v4624 L3 Coffin code layer
\l__coffin_internal_box=\box41
\l__coffin_internal_dim=\dimen153
\l__coffin_offset_x_dim=\dimen154
\l__coffin_offset_y_dim=\dimen155
\l__coffin_x_dim=\dimen156
\l__coffin_y_dim=\dimen157
\l__coffin_x_prime_dim=\dimen158
\l__coffin_y_prime_dim=\dimen159
\c_empty_coffin=\box42
\l__coffin_aligned_coffin=\box43
\l__coffin_aligned_internal_coffin=\box44
\l_tmpa_coffin=\box45
\l_tmpb_coffin=\box46
\l__coffin_display_coffin=\box47
\l__coffin_display_coord_coffin=\box48
\l__coffin_display_pole_coffin=\box49
\l__coffin_display_offset_dim=\dimen160
\l__coffin_display_x_dim=\dimen161
\l__coffin_display_y_dim=\dimen162
)
(/usr/share/texlive/texmf-dist/tex/latex/l3kernel/l3color.sty
Package: l3color 2012/08/29 v4156 L3 Experimental color support
)
(/usr/share/texlive/texmf-dist/tex/latex/l3kernel/l3luatex.sty
Package: l3luatex 2013/07/28 v4581 L3 Experimental LuaTeX-specific functions
\g__cctab_allocate_int=\count150
\g__cctab_stack_int=\count151
)
(/usr/share/texlive/texmf-dist/tex/latex/l3kernel/l3candidates.sty
Package: l3candidates 2014/01/06 v4643 L3 Experimental additions to l3kernel
\l__box_top_dim=\dimen163
\l__box_bottom_dim=\dimen164
\l__box_left_dim=\dimen165
\l__box_right_dim=\dimen166
\l__box_top_new_dim=\dimen167
\l__box_bottom_new_dim=\dimen168
\l__box_left_new_dim=\dimen169
\l__box_right_new_dim=\dimen170
\l__box_internal_box=\box50
\l__coffin_bounding_shift_dim=\dimen171
\l__coffin_left_corner_dim=\dimen172
\l__coffin_right_corner_dim=\dimen173
\l__coffin_bottom_corner_dim=\dimen174
\l__coffin_top_corner_dim=\dimen175
\l__coffin_scaled_total_height_dim=\dimen176
\l__coffin_scaled_width_dim=\dimen177
)
(/usr/share/texlive/texmf-dist/tex/generic/oberdiek/ifpdf.sty
Package: ifpdf 2011/01/30 v2.3 Provides the ifpdf switch (HO)
Package ifpdf Info: pdfTeX in PDF mode is detected.
))
Package: breqn 2012/05/10 v0.98b Breaking equations

(/usr/share/texlive/texmf-dist/tex/latex/mh/flexisym.sty
Package: flexisym 2013/03/16 v0.97c Make math characters macros
LaTeX Info: Redefining \textprime on input line 296.
LaTeX Info: Redefining \not on input line 354.

(/usr/share/texlive/texmf-dist/tex/latex/mh/cmbase.sym
File: cmbase.sym 2007/12/19 v0.92
LaTeX Info: Redefining \hbar on input line 323.
LaTeX Info: Redefining \surd on input line 325.
LaTeX Info: Redefining \angle on input line 333.
LaTeX Info: Redefining \neq on input line 334.
LaTeX Info: Redefining \mapsto on input line 335.
LaTeX Info: Redefining \cong on input line 336.
LaTeX Info: Redefining \notin on input line 339.
LaTeX Info: Redefining \rightleftharpoons on input line 340.
LaTeX Info: Redefining \doteq on input line 341.
LaTeX Info: Redefining \hookrightarrow on input line 342.
LaTeX Info: Redefining \hookleftarrow on input line 343.
LaTeX Info: Redefining \bowtie on input line 344.
LaTeX Info: Redefining \models on input line 345.
LaTeX Info: Redefining \Longrightarrow on input line 346.
LaTeX Info: Redefining \longrightarrow on input line 347.
LaTeX Info: Redefining \Longleftarrow on input line 348.
LaTeX Info: Redefining \longleftarrow on input line 349.
LaTeX Info: Redefining \longmapsto on input line 350.
LaTeX Info: Redefining \longleftrightarrow on input line 351.
LaTeX Info: Redefining \Longleftrightarrow on input line 352.
LaTeX Info: Redefining \cdots on input line 356.
LaTeX Info: Redefining \vdots on input line 359.
LaTeX Info: Redefining \ddots on input line 364.
)
(/usr/share/texlive/texmf-dist/tex/latex/mh/mathstyle.sty
Package: mathstyle 2011/08/03 v0.90 Tracking mathstyle implicitly
LaTeX Info: Redefining \displaystyle on input line 81.
LaTeX Info: Redefining \textstyle on input line 83.
LaTeX Info: Redefining \scriptstyle on input line 85.
LaTeX Info: Redefining \scriptscriptstyle on input line 87.
LaTeX Info: Redefining \genfrac on input line 121.
))
\inf@bad=\count152
\maxint=\count153
\listwidth=\dimen178
\eqnumsep=\dimen179
\eqmargin=\dimen180
\eqlinespacing=\skip69
\eqlineskip=\skip70
\eqlineskiplimit=\dimen181
\eqbinoffset=\muskip18
\eqdelimoffset=\muskip19
\eqindentstep=\dimen182
\eqstyle=\toks30
\eqbreakdepth=\count154
\eqinterlinepenalty=\count155
\intereqpenalty=\count156
\intereqskip=\skip71
\prerelpenalty=\count157
\prebinoppenalty=\count158
\Dmedmuskip=\muskip20
\Dthickmuskip=\muskip21
\eqleftskip=\skip72
\eqrightskip=\skip73
\eq@vspan=\skip74
\eq@binoffset=\muskip22
\EQ@box=\box51
\EQ@copy=\box52
\EQ@numbox=\box53
\eq@wdNum=\dimen183
\GRP@numbox=\box54
\grp@wdNum=\dimen184
\eq@lines=\count159
\eq@curline=\count160
\eq@badness=\count161
\EQ@vims=\count162
\eq@dp=\dimen185
\eq@wdL=\dimen186
\eq@wdT=\dimen187
\eq@wdMin=\dimen188
\grp@wdL=\dimen189
\grp@wdR=\dimen190
\grp@wdT=\dimen191
\eq@wdRmax=\dimen192
\eq@firstht=\dimen193
\eq@wdCond=\dimen194
\eq@indentstep=\dimen195
\eq@linewidth=\dimen196
\grp@linewidth=\dimen197
\eq@hshift=\dimen198
\eq@given@sidespace=\dimen199
\mathindent=\dimen200
\eq@final@linecount=\count163
\eq@wdR=\dimen201
\EQ@continue=\toks31
\lr@level=\count164
\GRP@queue=\toks32
\GRP@box=\box55
\GRP@wholebox=\box56
\darraycolsep=\skip75
\cur@row=\count165
\cur@col=\count166
\conditionsep=\skip76
)
(/usr/share/texlive/texmf-dist/tex/latex/setspace/setspace.sty
Package: setspace 2011/12/19 v6.7a set line spacing
)
(/usr/share/texlive/texmf-dist/tex/latex/footmisc/footmisc.sty
Package: footmisc 2011/06/06 v5.5b a miscellany of footnote facilities
\FN@temptoken=\toks33
Normal \dimen register pool exhausted, switching to extended pool.
\footnotemargin=\dimen256
\c@pp@next@reset=\count167
Package footmisc Info: Declaring symbol style bringhurst on input line 855.
Package footmisc Info: Declaring symbol style chicago on input line 863.
Package footmisc Info: Declaring symbol style wiley on input line 872.
Package footmisc Info: Declaring symbol style lamport-robust on input line 883.

Package footmisc Info: Declaring symbol style lamport* on input line 903.
Package footmisc Info: Declaring symbol style lamport*-robust on input line 924
.
)
\c@Changes@AddCountde=\count168
\c@Changes@DeleteCountde=\count169
\c@Changes@ReplaceCountde=\count170
 (./proposal.aux)
\openout1 = `proposal.aux'.

LaTeX Font Info:    Checking defaults for OML/cmm/m/it on input line 63.
LaTeX Font Info:    ... okay on input line 63.
LaTeX Font Info:    Checking defaults for T1/cmr/m/n on input line 63.
LaTeX Font Info:    ... okay on input line 63.
LaTeX Font Info:    Checking defaults for OT1/cmr/m/n on input line 63.
LaTeX Font Info:    ... okay on input line 63.
LaTeX Font Info:    Checking defaults for OMS/cmsy/m/n on input line 63.
LaTeX Font Info:    ... okay on input line 63.
LaTeX Font Info:    Checking defaults for OMX/cmex/m/n on input line 63.
LaTeX Font Info:    ... okay on input line 63.
LaTeX Font Info:    Checking defaults for U/cmr/m/n on input line 63.
LaTeX Font Info:    ... okay on input line 63.
LaTeX Font Info:    Try loading font information for OT1+ptm on input line 63.
 (/usr/share/texlive/texmf-dist/tex/latex/psnfss/ot1ptm.fd
File: ot1ptm.fd 2001/06/04 font definitions for OT1/ptm.
)
(/usr/share/texlive/texmf-dist/tex/context/base/supp-pdf.mkii
[Loading MPS to PDF converter (version 2006.09.02).]
\scratchcounter=\count171
\scratchdimen=\dimen257
\scratchbox=\box57
\nofMPsegments=\count172
\nofMParguments=\count173
\everyMPshowfont=\toks34
\MPscratchCnt=\count174
\MPscratchDim=\dimen258
\MPnumerator=\count175
\makeMPintoPDFobject=\count176
\everyMPtoPDFconversion=\toks35
) (/usr/share/texlive/texmf-dist/tex/generic/oberdiek/pdftexcmds.sty
Package: pdftexcmds 2011/11/29 v0.20 Utility functions of pdfTeX for LuaTeX (HO
)

(/usr/share/texlive/texmf-dist/tex/generic/oberdiek/ifluatex.sty
Package: ifluatex 2010/03/01 v1.3 Provides the ifluatex switch (HO)
Package ifluatex Info: LuaTeX not detected.
)
Package pdftexcmds Info: LuaTeX not detected.
Package pdftexcmds Info: \pdf@primitive is available.
Package pdftexcmds Info: \pdf@ifprimitive is available.
Package pdftexcmds Info: \pdfdraftmode found.
)
(/usr/share/texlive/texmf-dist/tex/latex/oberdiek/epstopdf-base.sty
Package: epstopdf-base 2010/02/09 v2.5 Base part for package epstopdf

(/usr/share/texlive/texmf-dist/tex/latex/oberdiek/grfext.sty
Package: grfext 2010/08/19 v1.1 Manage graphics extensions (HO)

(/usr/share/texlive/texmf-dist/tex/generic/oberdiek/kvdefinekeys.sty
Package: kvdefinekeys 2011/04/07 v1.3 Define keys (HO)
))
(/usr/share/texlive/texmf-dist/tex/latex/oberdiek/kvoptions.sty
Package: kvoptions 2011/06/30 v3.11 Key value format for package options (HO)

(/usr/share/texlive/texmf-dist/tex/generic/oberdiek/kvsetkeys.sty
Package: kvsetkeys 2012/04/25 v1.16 Key value parser (HO)

(/usr/share/texlive/texmf-dist/tex/generic/oberdiek/etexcmds.sty
Package: etexcmds 2011/02/16 v1.5 Avoid name clashes with e-TeX commands (HO)
Package etexcmds Info: Could not find \expanded.
(etexcmds)             That can mean that you are not using pdfTeX 1.50 or
(etexcmds)             that some package has redefined \expanded.
(etexcmds)             In the latter case, load this package earlier.
)))
Package grfext Info: Graphics extension search list:
(grfext)             [.png,.pdf,.jpg,.mps,.jpeg,.jbig2,.jb2,.PNG,.PDF,.JPG,.JPE
G,.JBIG2,.JB2,.eps]
(grfext)             \AppendGraphicsExtensions on input line 452.

(/usr/share/texlive/texmf-dist/tex/latex/latexconfig/epstopdf-sys.cfg
File: epstopdf-sys.cfg 2010/07/13 v1.3 Configuration of (r)epstopdf for TeX Liv
e
))
LaTeX Info: Redefining \microtypecontext on input line 63.
Package microtype Info: Generating PDF output.
Package microtype Info: Character protrusion enabled (level 2).
Package microtype Info: Using default protrusion set `alltext'.
Package microtype Info: Automatic font expansion enabled (level 2),
(microtype)             stretch: 20, shrink: 20, step: 1, non-selected.
Package microtype Info: Using default expansion set `basictext'.
Package microtype Info: No adjustment of tracking.
Package microtype Info: No adjustment of interword spacing.
Package microtype Info: No adjustment of character kerning.

(/usr/share/texlive/texmf-dist/tex/latex/microtype/mt-ptm.cfg
File: mt-ptm.cfg 2006/04/20 v1.7 microtype config. file: Times (RS)
)
LaTeX Font Info:    Font shape `OT1/ptm/bx/n' in size <20.74> not available
(Font)              Font shape `OT1/ptm/b/n' tried instead on input line 66.

(/usr/share/texlive/texmf-dist/tex/latex/microtype/mt-cmr.cfg
File: mt-cmr.cfg 2013/05/19 v2.2 microtype config. file: Computer Modern Roman 
(RS)
)
LaTeX Font Info:    Try loading font information for U+msa on input line 66.

(/usr/share/texlive/texmf-dist/tex/latex/amsfonts/umsa.fd
File: umsa.fd 2013/01/14 v3.01 AMS symbols A
)
(/usr/share/texlive/texmf-dist/tex/latex/microtype/mt-msa.cfg
File: mt-msa.cfg 2006/02/04 v1.1 microtype config. file: AMS symbols (a) (RS)
)
LaTeX Font Info:    Try loading font information for U+msb on input line 66.

(/usr/share/texlive/texmf-dist/tex/latex/amsfonts/umsb.fd
File: umsb.fd 2013/01/14 v3.01 AMS symbols B
)
(/usr/share/texlive/texmf-dist/tex/latex/microtype/mt-msb.cfg
File: mt-msb.cfg 2005/06/01 v1.0 microtype config. file: AMS symbols (b) (RS)
)
LaTeX Font Info:    Try loading font information for U+lasy on input line 66.

(/usr/share/texlive/texmf-dist/tex/latex/base/ulasy.fd
File: ulasy.fd 1998/08/17 v2.2e LaTeX symbol font definitions
)
LaTeX Font Info:    Font shape `OT1/ptm/bx/n' in size <14.4> not available
(Font)              Font shape `OT1/ptm/b/n' tried instead on input line 66.
 [1

{/var/lib/texmf/fonts/map/pdftex/updmap/pdftex.map}]
LaTeX Font Info:    Font shape `OT1/ptm/bx/n' in size <10.95> not available
(Font)              Font shape `OT1/ptm/b/n' tried instead on input line 69.
 [2]
LaTeX Font Info:    Font shape `OT1/ptm/bx/n' in size <17.28> not available
(Font)              Font shape `OT1/ptm/b/n' tried instead on input line 76.
 (./proposal.toc
LaTeX Font Info:    Font shape `OT1/ptm/bx/n' in size <12> not available
(Font)              Font shape `OT1/ptm/b/n' tried instead on input line 1.
)
\tf@toc=\write3
\openout3 = `proposal.toc'.

 [3] [1

] [2] [3] [4]
[5] [6] [7] [8] [9] [10]

LaTeX Warning: Citation `cutsuridis2013cognitive' on page 11 undefined on input
 line 248.

[11] <./figures/pa_loop.png, id=50, 1071.00125pt x 545.03625pt>
File: ./figures/pa_loop.png Graphic file (type png)

<use ./figures/pa_loop.png>
Package pdftex.def Info: ./figures/pa_loop.png used on input line 254.
(pdftex.def)             Requested size: 469.75499pt x 239.05988pt.
 [12 <./figures/pa_loop.png>] [13]
LaTeX Font Info:    Font shape `U/lasy/b/n' in size <8> not available
(Font)              Font shape `U/lasy/m/n' tried instead on input line 306.
LaTeX Font Info:    Font shape `U/lasy/b/n' in size <6> not available
(Font)              Font shape `U/lasy/m/n' tried instead on input line 306.
LaTeX Font Info:    Font shape `U/lasy/b/n' in size <7> not available
(Font)              Font shape `U/lasy/m/n' tried instead on input line 306.
LaTeX Font Info:    Font shape `U/lasy/b/n' in size <5> not available
(Font)              Font shape `U/lasy/m/n' tried instead on input line 306.
 [14]

LaTeX Warning: Citation `silverman1986density' on page 15 undefined on input li
ne 324.


LaTeX Warning: Citation `kraskov2004estimating' on page 15 undefined on input l
ine 333.

[15] [16] [17] [18] [19] [20] [21]
Overfull \hbox (21.48909pt too wide) in paragraph at lines 653--673
 [] 
 []

(./proposal.bbl
Missing character: There is no â in font ptmr7t!
Missing character: There is no € in font ptmr7t!
Missing character: There is no ” in font ptmr7t!
 [22] [23] [24])
\Changes@OutFile=\write4
\openout4 = `proposal.soc'.

 [25] (./proposal.aux)

LaTeX Warning: There were undefined references.

 ) 
Here is how much of TeX's memory you used:
 13498 strings out of 495028
 226493 string characters out of 6181497
 395458 words of memory out of 5000000
 15982 multiletter control sequences out of 15000+600000
 62810 words of font info for 367 fonts, out of 8000000 for 9000
 14 hyphenation exceptions out of 8191
 38i,10n,51p,10405b,330s stack positions out of 5000i,500n,10000p,200000b,80000s
{/usr/share/texlive/texmf-dist/fonts/enc/dvips/base/8r.enc}</usr/share/texliv
e/texmf-dist/fonts/type1/public/amsfonts/cm/cmbx8.pfb></usr/share/texlive/texmf
-dist/fonts/type1/public/amsfonts/cm/cmex10.pfb></usr/share/texlive/texmf-dist/
fonts/type1/public/amsfonts/cm/cmmi10.pfb></usr/share/texlive/texmf-dist/fonts/
type1/public/amsfonts/cm/cmmi12.pfb></usr/share/texlive/texmf-dist/fonts/type1/
public/amsfonts/cm/cmmi6.pfb></usr/share/texlive/texmf-dist/fonts/type1/public/
amsfonts/cm/cmmi7.pfb></usr/share/texlive/texmf-dist/fonts/type1/public/amsfont
s/cm/cmmi8.pfb></usr/share/texlive/texmf-dist/fonts/type1/public/amsfonts/cm/cm
mib10.pfb></usr/share/texlive/texmf-dist/fonts/type1/public/amsfonts/cmextra/cm
mib8.pfb></usr/share/texlive/texmf-dist/fonts/type1/public/amsfonts/cm/cmr12.pf
b></usr/share/texlive/texmf-dist/fonts/type1/public/amsfonts/cm/cmr7.pfb></usr/
share/texlive/texmf-dist/fonts/type1/public/amsfonts/cm/cmr8.pfb></usr/share/te
xlive/texmf-dist/fonts/type1/public/amsfonts/cm/cmsy10.pfb></usr/share/texlive/
texmf-dist/fonts/type1/public/amsfonts/cm/cmsy6.pfb></usr/share/texlive/texmf-d
ist/fonts/type1/public/amsfonts/cm/cmsy8.pfb></usr/share/texlive/texmf-dist/fon
ts/type1/urw/times/utmb8a.pfb></usr/share/texlive/texmf-dist/fonts/type1/urw/ti
mes/utmr8a.pfb></usr/share/texlive/texmf-dist/fonts/type1/urw/times/utmri8a.pfb
>
Output written on proposal.pdf (28 pages, 327565 bytes).
PDF statistics:
 169 PDF objects out of 1000 (max. 8388607)
 118 compressed objects within 2 object streams
 0 named destinations out of 1000 (max. 500000)
 40454 words of extra memory for PDF output out of 42996 (max. 10000000)

